<?xml version="1.0" encoding="UTF-8"?>
<!-- Generated by org.testng.reporters.JUnitReportReporter -->
<testsuite hostname="abdul-majid-Inspiron-3558" failures="0" tests="1" name="testCases.HomePageTest" time="13.737" errors="0" timestamp="2023-07-02T06:33:53 IST" skipped="0">
  <testcase classname="testCases.HomePageTest" name="tc001" time="13.737"/>
</testsuite> <!-- testCases.HomePageTest -->
