<?xml version="1.0" encoding="UTF-8"?>
<!-- Generated by org.testng.reporters.JUnitReportReporter -->
<testsuite hostname="DESKTOP-5E2HFE9" failures="0" tests="5" name="testNg.TestAnnotation" time="0.139" errors="0" timestamp="2023-06-29T02:41:27 IST" skipped="0">
  <testcase classname="testNg.TestAnnotation" name="tc03" time="0.111"/>
  <testcase classname="testNg.TestAnnotation" name="tc04" time="0.007"/>
  <testcase classname="testNg.TestAnnotation" name="tc02" time="0.013"/>
  <testcase classname="testNg.TestAnnotation" name="tc05" time="0.004"/>
  <testcase classname="testNg.TestAnnotation" name="tc01" time="0.004"/>
</testsuite> <!-- testNg.TestAnnotation -->
