<?xml version="1.0" encoding="UTF-8"?>
<!-- Generated by org.testng.reporters.JUnitReportReporter -->
<testsuite hostname="DESKTOP-5E2HFE9" failures="0" tests="3" name="testNg.DataProviderTest" time="17.632" errors="0" timestamp="2023-06-29T01:46:41 IST" skipped="0">
  <testcase classname="testNg.DataProviderTest" name="testLogin" time="9.627"/>
  <testcase classname="testNg.DataProviderTest" name="testLogin" time="4.116"/>
  <testcase classname="testNg.DataProviderTest" name="testLogin" time="3.889"/>
</testsuite> <!-- testNg.DataProviderTest -->
